<?xml version="1.0" encoding="UTF-8"?>
<testsuite xmlns:xsi="http://www.w3.org/2001/XMLSchema-instance" xsi:noNamespaceSchemaLocation="https://maven.apache.org/surefire/maven-surefire-plugin/xsd/surefire-test-report-3.0.xsd" version="3.0" name="com.productManagement.ProductManagementSystem2ApplicationTests" time="11.828" tests="1" errors="0" skipped="0" failures="0">
  <properties>
[...]
</properties>
  <testcase name="contextLoads" classname="com.productManagement.ProductManagementSystem2ApplicationTests" time="0.35">
    <system-out><![CDATA[12:07:37.666 [main] INFO org.springframework.test.context.support.AnnotationConfigContextLoaderUtils -- Could not detect default configuration classes for test class [com.productManagement.ProductManagementSystem2ApplicationTests]: ProductManagementSystem2ApplicationTests does not declare any static, non-private, non-final, nested classes annotated with @Configuration.
12:07:37.896 [main] INFO org.springframework.boot.test.context.SpringBootTestContextBootstrapper -- Found @SpringBootConfiguration com.productManagement.ProductManagementSystem2Application for test class com.productManagement.ProductManagementSystem2ApplicationTests
12:07:38.309 [main] INFO org.springframework.boot.devtools.restart.RestartApplicationListener -- Restart disabled due to context in which it is running

  .   ____          _            __ _ _
 /\\ / ___'_ __ _ _(_)_ __  __ _ \ \ \ \
( ( )\___ | '_ | '_| | '_ \/ _` | \ \ \ \
 \\/  ___)| |_)| | | | | || (_| |  ) ) ) )
  '  |____| .__|_| |_|_| |_\__, | / / / /
 =========|_|==============|___/=/_/_/_/

 :: Spring Boot ::                (v3.3.4)

2024-10-24T12:07:39.005+05:30  INFO 23176 --- [ProductManagementSystem2] [           main] ProductManagementSystem2ApplicationTests : Starting ProductManagementSystem2ApplicationTests using Java 17.0.7 with PID 23176 (started by swapnilu in C:\Users\swapnilu\Desktop\Product & Offer Management System\ProductManagementSystem2)
2024-10-24T12:07:39.007+05:30  INFO 23176 --- [ProductManagementSystem2] [           main] ProductManagementSystem2ApplicationTests : No active profile set, falling back to 1 default profile: "default"
2024-10-24T12:07:40.930+05:30  INFO 23176 --- [ProductManagementSystem2] [           main] .s.d.r.c.RepositoryConfigurationDelegate : Bootstrapping Spring Data JPA repositories in DEFAULT mode.
2024-10-24T12:07:41.147+05:30  INFO 23176 --- [ProductManagementSystem2] [           main] .s.d.r.c.RepositoryConfigurationDelegate : Finished Spring Data repository scanning in 204 ms. Found 4 JPA repository interfaces.
2024-10-24T12:07:42.226+05:30  INFO 23176 --- [ProductManagementSystem2] [           main] o.hibernate.jpa.internal.util.LogHelper  : HHH000204: Processing PersistenceUnitInfo [name: default]
2024-10-24T12:07:42.424+05:30  INFO 23176 --- [ProductManagementSystem2] [           main] org.hibernate.Version                    : HHH000412: Hibernate ORM core version 6.5.3.Final
2024-10-24T12:07:42.507+05:30  INFO 23176 --- [ProductManagementSystem2] [           main] o.h.c.internal.RegionFactoryInitiator    : HHH000026: Second-level cache disabled
2024-10-24T12:07:43.332+05:30  INFO 23176 --- [ProductManagementSystem2] [           main] o.s.o.j.p.SpringPersistenceUnitInfo      : No LoadTimeWeaver setup: ignoring JPA class transformer
2024-10-24T12:07:43.404+05:30  INFO 23176 --- [ProductManagementSystem2] [           main] com.zaxxer.hikari.HikariDataSource       : HikariPool-1 - Starting...
2024-10-24T12:07:44.029+05:30  INFO 23176 --- [ProductManagementSystem2] [           main] com.zaxxer.hikari.pool.HikariPool        : HikariPool-1 - Added connection com.mysql.cj.jdbc.ConnectionImpl@131c0b6f
2024-10-24T12:07:44.034+05:30  INFO 23176 --- [ProductManagementSystem2] [           main] com.zaxxer.hikari.HikariDataSource       : HikariPool-1 - Start completed.
2024-10-24T12:07:44.165+05:30  WARN 23176 --- [ProductManagementSystem2] [           main] org.hibernate.orm.deprecation            : HHH90000025: MySQLDialect does not need to be specified explicitly using 'hibernate.dialect' (remove the property setting and it will be selected by default)
2024-10-24T12:07:46.456+05:30  INFO 23176 --- [ProductManagementSystem2] [           main] o.h.e.t.j.p.i.JtaPlatformInitiator       : HHH000489: No JTA platform available (set 'hibernate.transaction.jta.platform' to enable JTA platform integration)
2024-10-24T12:07:46.648+05:30  INFO 23176 --- [ProductManagementSystem2] [           main] j.LocalContainerEntityManagerFactoryBean : Initialized JPA EntityManagerFactory for persistence unit 'default'
2024-10-24T12:07:47.721+05:30  WARN 23176 --- [ProductManagementSystem2] [           main] JpaBaseConfiguration$JpaWebConfiguration : spring.jpa.open-in-view is enabled by default. Therefore, database queries may be performed during view rendering. Explicitly configure spring.jpa.open-in-view to disable this warning
2024-10-24T12:07:48.754+05:30  INFO 23176 --- [ProductManagementSystem2] [           main] ProductManagementSystem2ApplicationTests : Started ProductManagementSystem2ApplicationTests in 10.481 seconds (process running for 13.472)
]]></system-out>
  </testcase>
</testsuite>